<html>
<head>
<title>TestNG:  Run on CHROME</title>
<link href="../testng.css" rel="stylesheet" type="text/css" />
<link href="../my-testng.css" rel="stylesheet" type="text/css" />

<style type="text/css">
.log { display: none;} 
.stack-trace { display: none;} 
</style>
<script type="text/javascript">
<!--
function flip(e) {
  current = e.style.display;
  if (current == 'block') {
    e.style.display = 'none';
    return 0;
  }
  else {
    e.style.display = 'block';
    return 1;
  }
}

function toggleBox(szDivId, elem, msg1, msg2)
{
  var res = -1;  if (document.getElementById) {
    res = flip(document.getElementById(szDivId));
  }
  else if (document.all) {
    // this is the way old msie versions work
    res = flip(document.all[szDivId]);
  }
  if(elem) {
    if(res == 0) elem.innerHTML = msg1; else elem.innerHTML = msg2;
  }

}

function toggleAllBoxes() {
  if (document.getElementsByTagName) {
    d = document.getElementsByTagName('div');
    for (i = 0; i < d.length; i++) {
      if (d[i].className == 'log') {
        flip(d[i]);
      }
    }
  }
}

// -->
</script>

</head>
<body>
<h2 align='center'>Run on CHROME</h2><table border='1' align="center">
<tr>
<td>Tests passed/Failed/Skipped:</td><td>7/3/0</td>
</tr><tr>
<td>Started on:</td><td>Wed Dec 01 22:23:58 ICT 2021</td>
</tr>
<tr><td>Total time:</td><td>57 seconds (57733 ms)</td>
</tr><tr>
<td>Included groups:</td><td></td>
</tr><tr>
<td>Excluded groups:</td><td></td>
</tr>
</table><p/>
<small><i>(Hover the method name to see the test class name)</i></small><p/>
<table width='100%' border='1' class='invocation-failed'>
<tr><td colspan='4' align='center'><b>FAILED TESTS</b></td></tr>
<tr><td><b>Test method</b></td>
<td width="30%"><b>Exception</b></td>
<td width="10%"><b>Time (seconds)</b></td>
<td><b>Instance</b></td>
</tr>
<tr>
<td title='com.bankguru.livecodingproject.paymentTestCase.TC_01_Create_New_Other_User()'><b>TC_01_Create_New_Other_User</b><br>Test class: com.bankguru.livecodingproject.paymentTestCase<br/>
<a href="#Output-921492287" onClick='toggleBox("Output-921492287", this, "Show output", "Hide output");'>Show output</a>

<a href="#Output-921492287" onClick="toggleAllBoxes();">Show all outputs</a>
<div class='log' id="Output-921492287">
<br><a target="_blank" href="file:///C:\Users\quanh\git\Automation-framework/screenshotReportNG/TC_01_Create_New_Other_User_01_12_2021_10_24_13.png"><img src="file:///C:\Users\quanh\git\Automation-framework/screenshotReportNG/TC_01_Create_New_Other_User_01_12_2021_10_24_13.png" height='100' width='150'/> </a></br><br/>
</div>
</td>
<td><div><pre>java.lang.AssertionError: expected [01/01/1989] but found [1989-01-01]
	at commons.BaseTest.checkEquals(BaseTest.java:166)
	at commons.BaseTest.verifyEquals(BaseTest.java:178)
	at com.bankguru.livecodingproject.paymentTestCase.TC_01_Create_New_Other_User(paymentTestCase.java:154)
	at java.base/java.util.concurrent.FutureTask.run(FutureTask.java:264)
	at java.base/java.util.concurrent.ThreadPoolExecutor.runWorker(ThreadPoolExecutor.java:1130)
	at java.base/java.util.concurrent.ThreadPoolExecutor$Worker.run(ThreadPoolExecutor.java:630)
	at java.base/java.lang.Thread.run(Thread.java:831)
... Removed 21 stack frames</pre></div><a href='#' onClick='toggleBox("stack-trace921492287", this, "Click to show all stack frames", "Click to hide stack frames")'>Click to show all stack frames</a>
<div class='stack-trace' id='stack-trace921492287'><pre>java.lang.AssertionError: expected [01/01/1989] but found [1989-01-01]
	at org.testng.Assert.fail(Assert.java:96)
	at org.testng.Assert.failNotEquals(Assert.java:776)
	at org.testng.Assert.assertEqualsImpl(Assert.java:137)
	at org.testng.Assert.assertEquals(Assert.java:118)
	at org.testng.Assert.assertEquals(Assert.java:442)
	at commons.BaseTest.checkEquals(BaseTest.java:166)
	at commons.BaseTest.verifyEquals(BaseTest.java:178)
	at com.bankguru.livecodingproject.paymentTestCase.TC_01_Create_New_Other_User(paymentTestCase.java:154)
	at java.base/jdk.internal.reflect.NativeMethodAccessorImpl.invoke0(Native Method)
	at java.base/jdk.internal.reflect.NativeMethodAccessorImpl.invoke(NativeMethodAccessorImpl.java:78)
	at java.base/jdk.internal.reflect.DelegatingMethodAccessorImpl.invoke(DelegatingMethodAccessorImpl.java:43)
	at java.base/java.lang.reflect.Method.invoke(Method.java:567)
	at org.testng.internal.MethodInvocationHelper.invokeMethod(MethodInvocationHelper.java:124)
	at org.testng.internal.Invoker.invokeMethod(Invoker.java:583)
	at org.testng.internal.Invoker.invokeTestMethod(Invoker.java:719)
	at org.testng.internal.Invoker.invokeTestMethods(Invoker.java:989)
	at org.testng.internal.TestMethodWorker.invokeTestMethods(TestMethodWorker.java:125)
	at org.testng.internal.TestMethodWorker.run(TestMethodWorker.java:109)
	at org.testng.TestRunner.privateRun(TestRunner.java:648)
	at org.testng.TestRunner.run(TestRunner.java:505)
	at org.testng.SuiteRunner.runTest(SuiteRunner.java:455)
	at org.testng.SuiteRunner.access$000(SuiteRunner.java:40)
	at org.testng.SuiteRunner$SuiteWorker.run(SuiteRunner.java:489)
	at org.testng.internal.thread.ThreadUtil$1.call(ThreadUtil.java:52)
	at java.base/java.util.concurrent.FutureTask.run(FutureTask.java:264)
	at java.base/java.util.concurrent.ThreadPoolExecutor.runWorker(ThreadPoolExecutor.java:1130)
	at java.base/java.util.concurrent.ThreadPoolExecutor$Worker.run(ThreadPoolExecutor.java:630)
	at java.base/java.lang.Thread.run(Thread.java:831)
</pre></div></td>
<td>8</td>
<td>com.bankguru.livecodingproject.paymentTestCase@45385f75</td></tr>
<tr>
<td title='com.bankguru.livecodingproject.paymentTestCase.TC_02_Create_New_Customer_And_Checked_Created_Succesfully()'><b>TC_02_Create_New_Customer_And_Checked_Created_Succesfully</b><br>Test class: com.bankguru.livecodingproject.paymentTestCase<br/>
<a href="#Output-2036256698" onClick='toggleBox("Output-2036256698", this, "Show output", "Hide output");'>Show output</a>

<a href="#Output-2036256698" onClick="toggleAllBoxes();">Show all outputs</a>
<div class='log' id="Output-2036256698">
<br><a target="_blank" href="file:///C:\Users\quanh\git\Automation-framework/screenshotReportNG/TC_02_Create_New_Customer_And_Checked_Created_Succesfully_01_12_2021_10_24_19.png"><img src="file:///C:\Users\quanh\git\Automation-framework/screenshotReportNG/TC_02_Create_New_Customer_And_Checked_Created_Succesfully_01_12_2021_10_24_19.png" height='100' width='150'/> </a></br><br/>
</div>
</td>
<td><div><pre>java.lang.AssertionError: expected [01/01/1989] but found [1989-01-01]
	at commons.BaseTest.checkEquals(BaseTest.java:166)
	at commons.BaseTest.verifyEquals(BaseTest.java:178)
	at com.bankguru.livecodingproject.paymentTestCase.TC_02_Create_New_Customer_And_Checked_Created_Succesfully(paymentTestCase.java:293)
	at java.base/java.util.concurrent.FutureTask.run(FutureTask.java:264)
	at java.base/java.util.concurrent.ThreadPoolExecutor.runWorker(ThreadPoolExecutor.java:1130)
	at java.base/java.util.concurrent.ThreadPoolExecutor$Worker.run(ThreadPoolExecutor.java:630)
	at java.base/java.lang.Thread.run(Thread.java:831)
... Removed 21 stack frames</pre></div><a href='#' onClick='toggleBox("stack-trace2036256698", this, "Click to show all stack frames", "Click to hide stack frames")'>Click to show all stack frames</a>
<div class='stack-trace' id='stack-trace2036256698'><pre>java.lang.AssertionError: expected [01/01/1989] but found [1989-01-01]
	at org.testng.Assert.fail(Assert.java:96)
	at org.testng.Assert.failNotEquals(Assert.java:776)
	at org.testng.Assert.assertEqualsImpl(Assert.java:137)
	at org.testng.Assert.assertEquals(Assert.java:118)
	at org.testng.Assert.assertEquals(Assert.java:442)
	at commons.BaseTest.checkEquals(BaseTest.java:166)
	at commons.BaseTest.verifyEquals(BaseTest.java:178)
	at com.bankguru.livecodingproject.paymentTestCase.TC_02_Create_New_Customer_And_Checked_Created_Succesfully(paymentTestCase.java:293)
	at java.base/jdk.internal.reflect.NativeMethodAccessorImpl.invoke0(Native Method)
	at java.base/jdk.internal.reflect.NativeMethodAccessorImpl.invoke(NativeMethodAccessorImpl.java:78)
	at java.base/jdk.internal.reflect.DelegatingMethodAccessorImpl.invoke(DelegatingMethodAccessorImpl.java:43)
	at java.base/java.lang.reflect.Method.invoke(Method.java:567)
	at org.testng.internal.MethodInvocationHelper.invokeMethod(MethodInvocationHelper.java:124)
	at org.testng.internal.Invoker.invokeMethod(Invoker.java:583)
	at org.testng.internal.Invoker.invokeTestMethod(Invoker.java:719)
	at org.testng.internal.Invoker.invokeTestMethods(Invoker.java:989)
	at org.testng.internal.TestMethodWorker.invokeTestMethods(TestMethodWorker.java:125)
	at org.testng.internal.TestMethodWorker.run(TestMethodWorker.java:109)
	at org.testng.TestRunner.privateRun(TestRunner.java:648)
	at org.testng.TestRunner.run(TestRunner.java:505)
	at org.testng.SuiteRunner.runTest(SuiteRunner.java:455)
	at org.testng.SuiteRunner.access$000(SuiteRunner.java:40)
	at org.testng.SuiteRunner$SuiteWorker.run(SuiteRunner.java:489)
	at org.testng.internal.thread.ThreadUtil$1.call(ThreadUtil.java:52)
	at java.base/java.util.concurrent.FutureTask.run(FutureTask.java:264)
	at java.base/java.util.concurrent.ThreadPoolExecutor.runWorker(ThreadPoolExecutor.java:1130)
	at java.base/java.util.concurrent.ThreadPoolExecutor$Worker.run(ThreadPoolExecutor.java:630)
	at java.base/java.lang.Thread.run(Thread.java:831)
</pre></div></td>
<td>6</td>
<td>com.bankguru.livecodingproject.paymentTestCase@45385f75</td></tr>
<tr>
<td title='com.bankguru.livecodingproject.paymentTestCase.TC_10_Delete_All_Account()'><b>TC_10_Delete_All_Account</b><br>Test class: com.bankguru.livecodingproject.paymentTestCase</td>
<td><div><pre>java.lang.Throwable: Multiple failures (2):
Failure 1 of 2
java.lang.AssertionError: expected [true] but found [false]
	at commons.BaseTest.checkTrue(BaseTest.java:127)
	at commons.BaseTest.verifyTrue(BaseTest.java:139)
	at com.bankguru.livecodingproject.paymentTestCase.TC_10_Delete_All_Account(paymentTestCase.java:630)
	at java.base/java.util.concurrent.FutureTask.run(FutureTask.java:264)
	at java.base/java.util.concurrent.ThreadPoolExecutor.runWorker(ThreadPoolExecutor.java:1130)
	at java.base/java.util.concurrent.ThreadPoolExecutor$Worker.run(ThreadPoolExecutor.java:630)
	at java.base/java.lang.Thread.run(Thread.java:831)

Failure 2 of 2
java.lang.AssertionError: expected [Account Deleted Sucessfully] but found [null]
	at commons.BaseTest.checkEquals(BaseTest.java:166)
	at commons.BaseTest.verifyEquals(BaseTest.java:178)
	at com.bankguru.livecodingproject.paymentTestCase.TC_10_Delete_All_Account(paymentTestCase.java:640)
	at java.base/java.util.concurrent.FutureTask.run(FutureTask.java:264)
	at java.base/java.util.concurrent.ThreadPoolExecutor.runWorker(ThreadPoolExecutor.java:1130)
	at java.base/java.util.concurrent.ThreadPoolExecutor$Worker.run(ThreadPoolExecutor.java:630)
	at java.base/java.lang.Thread.run(Thread.java:831)
... Removed 41 stack frames</pre></div><a href='#' onClick='toggleBox("stack-trace1466042721", this, "Click to show all stack frames", "Click to hide stack frames")'>Click to show all stack frames</a>
<div class='stack-trace' id='stack-trace1466042721'><pre>java.lang.Throwable: Multiple failures (2):
Failure 1 of 2
java.lang.AssertionError: expected [true] but found [false]
	at org.testng.Assert.fail(Assert.java:96)
	at org.testng.Assert.failNotEquals(Assert.java:776)
	at org.testng.Assert.assertTrue(Assert.java:44)
	at org.testng.Assert.assertTrue(Assert.java:54)
	at commons.BaseTest.checkTrue(BaseTest.java:127)
	at commons.BaseTest.verifyTrue(BaseTest.java:139)
	at com.bankguru.livecodingproject.paymentTestCase.TC_10_Delete_All_Account(paymentTestCase.java:630)
	at java.base/jdk.internal.reflect.NativeMethodAccessorImpl.invoke0(Native Method)
	at java.base/jdk.internal.reflect.NativeMethodAccessorImpl.invoke(NativeMethodAccessorImpl.java:78)
	at java.base/jdk.internal.reflect.DelegatingMethodAccessorImpl.invoke(DelegatingMethodAccessorImpl.java:43)
	at java.base/java.lang.reflect.Method.invoke(Method.java:567)
	at org.testng.internal.MethodInvocationHelper.invokeMethod(MethodInvocationHelper.java:124)
	at org.testng.internal.Invoker.invokeMethod(Invoker.java:583)
	at org.testng.internal.Invoker.invokeTestMethod(Invoker.java:719)
	at org.testng.internal.Invoker.invokeTestMethods(Invoker.java:989)
	at org.testng.internal.TestMethodWorker.invokeTestMethods(TestMethodWorker.java:125)
	at org.testng.internal.TestMethodWorker.run(TestMethodWorker.java:109)
	at org.testng.TestRunner.privateRun(TestRunner.java:648)
	at org.testng.TestRunner.run(TestRunner.java:505)
	at org.testng.SuiteRunner.runTest(SuiteRunner.java:455)
	at org.testng.SuiteRunner.access$000(SuiteRunner.java:40)
	at org.testng.SuiteRunner$SuiteWorker.run(SuiteRunner.java:489)
	at org.testng.internal.thread.ThreadUtil$1.call(ThreadUtil.java:52)
	at java.base/java.util.concurrent.FutureTask.run(FutureTask.java:264)
	at java.base/java.util.concurrent.ThreadPoolExecutor.runWorker(ThreadPoolExecutor.java:1130)
	at java.base/java.util.concurrent.ThreadPoolExecutor$Worker.run(ThreadPoolExecutor.java:630)
	at java.base/java.lang.Thread.run(Thread.java:831)

Failure 2 of 2
java.lang.AssertionError: expected [Account Deleted Sucessfully] but found [null]
	at org.testng.Assert.fail(Assert.java:96)
	at org.testng.Assert.failNotEquals(Assert.java:776)
	at org.testng.Assert.assertEqualsImpl(Assert.java:132)
	at org.testng.Assert.assertEquals(Assert.java:118)
	at org.testng.Assert.assertEquals(Assert.java:442)
	at commons.BaseTest.checkEquals(BaseTest.java:166)
	at commons.BaseTest.verifyEquals(BaseTest.java:178)
	at com.bankguru.livecodingproject.paymentTestCase.TC_10_Delete_All_Account(paymentTestCase.java:640)
	at java.base/jdk.internal.reflect.NativeMethodAccessorImpl.invoke0(Native Method)
	at java.base/jdk.internal.reflect.NativeMethodAccessorImpl.invoke(NativeMethodAccessorImpl.java:78)
	at java.base/jdk.internal.reflect.DelegatingMethodAccessorImpl.invoke(DelegatingMethodAccessorImpl.java:43)
	at java.base/java.lang.reflect.Method.invoke(Method.java:567)
	at org.testng.internal.MethodInvocationHelper.invokeMethod(MethodInvocationHelper.java:124)
	at org.testng.internal.Invoker.invokeMethod(Invoker.java:583)
	at org.testng.internal.Invoker.invokeTestMethod(Invoker.java:719)
	at org.testng.internal.Invoker.invokeTestMethods(Invoker.java:989)
	at org.testng.internal.TestMethodWorker.invokeTestMethods(TestMethodWorker.java:125)
	at org.testng.internal.TestMethodWorker.run(TestMethodWorker.java:109)
	at org.testng.TestRunner.privateRun(TestRunner.java:648)
	at org.testng.TestRunner.run(TestRunner.java:505)
	at org.testng.SuiteRunner.runTest(SuiteRunner.java:455)
	at org.testng.SuiteRunner.access$000(SuiteRunner.java:40)
	at org.testng.SuiteRunner$SuiteWorker.run(SuiteRunner.java:489)
	at org.testng.internal.thread.ThreadUtil$1.call(ThreadUtil.java:52)
	at java.base/java.util.concurrent.FutureTask.run(FutureTask.java:264)
	at java.base/java.util.concurrent.ThreadPoolExecutor.runWorker(ThreadPoolExecutor.java:1130)
	at java.base/java.util.concurrent.ThreadPoolExecutor$Worker.run(ThreadPoolExecutor.java:630)
	at java.base/java.lang.Thread.run(Thread.java:831)
</pre></div></td>
<td>9</td>
<td>com.bankguru.livecodingproject.paymentTestCase@45385f75</td></tr>
</table><p>
<table width='100%' border='1' class='invocation-passed'>
<tr><td colspan='4' align='center'><b>PASSED TESTS</b></td></tr>
<tr><td><b>Test method</b></td>
<td width="30%"><b>Exception</b></td>
<td width="10%"><b>Time (seconds)</b></td>
<td><b>Instance</b></td>
</tr>
<tr>
<td title='com.bankguru.livecodingproject.paymentTestCase.TC_03_Edit_Customer_Account_And_Check_Edit_Succesfully()'><b>TC_03_Edit_Customer_Account_And_Check_Edit_Succesfully</b><br>Test class: com.bankguru.livecodingproject.paymentTestCase</td>
<td></td>
<td>4</td>
<td>com.bankguru.livecodingproject.paymentTestCase@45385f75</td></tr>
<tr>
<td title='com.bankguru.livecodingproject.paymentTestCase.TC_04_Add_New_Account()'><b>TC_04_Add_New_Account</b><br>Test class: com.bankguru.livecodingproject.paymentTestCase</td>
<td></td>
<td>2</td>
<td>com.bankguru.livecodingproject.paymentTestCase@45385f75</td></tr>
<tr>
<td title='com.bankguru.livecodingproject.paymentTestCase.TC_05_Edit_Account()'><b>TC_05_Edit_Account</b><br>Test class: com.bankguru.livecodingproject.paymentTestCase</td>
<td></td>
<td>4</td>
<td>com.bankguru.livecodingproject.paymentTestCase@45385f75</td></tr>
<tr>
<td title='com.bankguru.livecodingproject.paymentTestCase.TC_06_Tranfer_Money_Into_A_Current_Account()'><b>TC_06_Tranfer_Money_Into_A_Current_Account</b><br>Test class: com.bankguru.livecodingproject.paymentTestCase</td>
<td></td>
<td>3</td>
<td>com.bankguru.livecodingproject.paymentTestCase@45385f75</td></tr>
<tr>
<td title='com.bankguru.livecodingproject.paymentTestCase.TC_07_WithDraw_Money_From_Current_Account()'><b>TC_07_WithDraw_Money_From_Current_Account</b><br>Test class: com.bankguru.livecodingproject.paymentTestCase</td>
<td></td>
<td>3</td>
<td>com.bankguru.livecodingproject.paymentTestCase@45385f75</td></tr>
<tr>
<td title='com.bankguru.livecodingproject.paymentTestCase.TC_08_Transfer_The_Money_Into_Another_Account()'><b>TC_08_Transfer_The_Money_Into_Another_Account</b><br>Test class: com.bankguru.livecodingproject.paymentTestCase</td>
<td></td>
<td>3</td>
<td>com.bankguru.livecodingproject.paymentTestCase@45385f75</td></tr>
<tr>
<td title='com.bankguru.livecodingproject.paymentTestCase.TC_09_Check_Current_Account_Balance_Equal_3000()'><b>TC_09_Check_Current_Account_Balance_Equal_3000</b><br>Test class: com.bankguru.livecodingproject.paymentTestCase</td>
<td></td>
<td>3</td>
<td>com.bankguru.livecodingproject.paymentTestCase@45385f75</td></tr>
</table><p>
</body>
</html>