<?xml version="1.0" encoding="UTF-8"?>
<!-- Generated by org.testng.reporters.JUnitXMLReporter -->
<testsuite ignored="0" hostname="Admin" failures="1" tests="1" name="Run on FIREFOX" time="47.203" errors="0" timestamp="25 Sep 2021 09:00:22 GMT">
  <testcase classname="com.admin.nopcommerce.Level_06_UploadFiles" name="Login_01_Upload_File" time="31.267">
    <failure type="org.openqa.selenium.TimeoutException" message="Expected condition failed: waiting for visibility of element located by By.xpath: //a[contains(@href,&amp;apos;%s&amp;apos;)]/parent::td/following-sibling::td[@data-columnname=&amp;apos;DisplayOrder&amp;apos; and text()=&amp;apos;%s&amp;apos;]/following-sibling::td[@data-columnname=&amp;apos;OverrideAltAttribute&amp;apos; and text()=&amp;apos;%s&amp;apos;]/following-sibling::td[@data-columnname=&amp;apos;OverrideTitleAttribute&amp;apos; and text()=&amp;apos;%s&amp;apos;] (tried for 15 second(s) with 500 milliseconds interval)">
      <![CDATA[org.openqa.selenium.TimeoutException: Expected condition failed: waiting for visibility of element located by By.xpath: //a[contains(@href,'%s')]/parent::td/following-sibling::td[@data-columnname='DisplayOrder' and text()='%s']/following-sibling::td[@data-columnname='OverrideAltAttribute' and text()='%s']/following-sibling::td[@data-columnname='OverrideTitleAttribute' and text()='%s'] (tried for 15 second(s) with 500 milliseconds interval)
at org.openqa.selenium.support.ui.WebDriverWait.timeoutException(WebDriverWait.java:95)
at org.openqa.selenium.support.ui.FluentWait.until(FluentWait.java:272)
at commons.BasePage.waitForElementVisible(BasePage.java:397)
at pageObject.admin.nopcommerce.ProductDetailsPageObject.isPictureUploadedSuccessByFileName(ProductDetailsPageObject.java:29)
at com.admin.nopcommerce.Level_06_UploadFiles.Login_01_Upload_File(Level_06_UploadFiles.java:62)
Caused by: org.openqa.selenium.NoSuchElementException: Unable to locate element: //a[contains(@href,'%s')]/parent::td/following-sibling::td[@data-columnname='DisplayOrder' and text()='%s']/following-sibling::td[@data-columnname='OverrideAltAttribute' and text()='%s']/following-sibling::td[@data-columnname='OverrideTitleAttribute' and text()='%s']
For documentation on this error, please visit: https://www.seleniumhq.org/exceptions/no_such_element.html
Build info: version: '3.141.59', revision: 'e82be7d358', time: '2018-11-14T08:25:53'
System info: host: 'ADMIN', ip: '192.168.0.105', os.name: 'Windows 10', os.arch: 'amd64', os.version: '10.0', java.version: '16.0.2'
Driver info: org.openqa.selenium.firefox.FirefoxDriver
Capabilities {acceptInsecureCerts: true, browserName: firefox, browserVersion: 92.0, javascriptEnabled: true, moz:accessibilityChecks: false, moz:buildID: 20210903235534, moz:geckodriverVersion: 0.29.1, moz:headless: false, moz:processID: 5368, moz:profile: C:\Users\Admin\AppData\Loca..., moz:shutdownTimeout: 60000, moz:useNonSpecCompliantPointerOrigin: false, moz:webdriverClick: true, pageLoadStrategy: normal, platform: WINDOWS, platformName: WINDOWS, platformVersion: 10.0, proxy: Proxy(), setWindowRect: true, strictFileInteractability: false, timeouts: {implicit: 0, pageLoad: 300000, script: 30000}, unhandledPromptBehavior: dismiss and notify}
Session ID: 5d71c283-3fb1-40e5-a9d1-83bd92544f91
*** Element info: {Using=xpath, value=//a[contains(@href,'%s')]/parent::td/following-sibling::td[@data-columnname='DisplayOrder' and text()='%s']/following-sibling::td[@data-columnname='OverrideAltAttribute' and text()='%s']/following-sibling::td[@data-columnname='OverrideTitleAttribute' and text()='%s']}
at org.openqa.selenium.remote.http.W3CHttpResponseCodec.createException(W3CHttpResponseCodec.java:187)
at org.openqa.selenium.remote.http.W3CHttpResponseCodec.decode(W3CHttpResponseCodec.java:122)
at org.openqa.selenium.remote.http.W3CHttpResponseCodec.decode(W3CHttpResponseCodec.java:49)
at org.openqa.selenium.remote.HttpCommandExecutor.execute(HttpCommandExecutor.java:158)
at org.openqa.selenium.remote.service.DriverCommandExecutor.execute(DriverCommandExecutor.java:83)
at org.openqa.selenium.remote.RemoteWebDriver.execute(RemoteWebDriver.java:552)
at org.openqa.selenium.remote.RemoteWebDriver.findElement(RemoteWebDriver.java:323)
at org.openqa.selenium.remote.RemoteWebDriver.findElementByXPath(RemoteWebDriver.java:428)
at org.openqa.selenium.By$ByXPath.findElement(By.java:353)
at org.openqa.selenium.remote.RemoteWebDriver.findElement(RemoteWebDriver.java:315)
at org.openqa.selenium.support.ui.ExpectedConditions$7.apply(ExpectedConditions.java:205)
at org.openqa.selenium.support.ui.ExpectedConditions$7.apply(ExpectedConditions.java:201)
at org.openqa.selenium.support.ui.FluentWait.until(FluentWait.java:249)
... 28 more
... Removed 30 stack frames]]>
    </failure>
  </testcase> <!-- Login_01_Upload_File -->
</testsuite> <!-- Run on FIREFOX -->
