

<!DOCTYPE html>
<html>
<head>
	<meta charset='utf-8' /> 
	<meta name='description' content='' />
	<meta name='robots' content='noodp, noydir' />
	<meta name='viewport' content='width=device-width, initial-scale=1' />
	<meta id="timeStampFormat" name="timeStampFormat" content='MMM d, yyyy hh:mm:ss a'/>
	
	<link href='https://fonts.googleapis.com/css?family=Source+Sans+Pro:400,600' rel='stylesheet' type='text/css' />
	<link href="https://fonts.googleapis.com/icon?family=Material+Icons" rel="stylesheet" />
	<link href='https://cdn.rawgit.com/extent-framework/extent-github-cdn/b65cd69/v3html/css/extent.css' type='text/css' rel='stylesheet' />
	
	<title>Nopcommerce HTML Report</title>

	<style type='text/css'>
		/* json-tree */
		.jstBracket,.jstComma,.jstValue{white-space:pre-wrap}.jstValue{font-size:10px;font-weight:400;font-family:"Lucida Console",Monaco,monospace}.jstProperty{color:#666;word-wrap:break-word}.jstBool{color:#2525CC}.jstNum{color:#D036D0}.jstNull{color:gray}.jstStr{color:#2DB669}.jstFold:after{content:' -';cursor:pointer}.jstExpand{white-space:normal}.jstExpand:after{content:' +';cursor:pointer}.jstFolded{white-space:normal!important}.jstHiddenBlock{display:none}
	</style>
	
	<script type="text/javascript">
		/*! json-tree - v0.2.2 - 2017-09-25, MIT LICENSE */
		var JSONTree=function(){var n={"&":"&amp;","<":"&lt;",">":"&gt;",'"':"&quot;","'":"&#x27;","/":"&#x2F;"},t=0,r=0;this.create=function(n,t){return r+=1,N(u(n,0,!1),{class:"jstValue"})};var e=function(t){return t.replace(/[&<>'"]/g,function(t){return n[t]})},s=function(){return r+"_"+t++},u=function(n,t,r){if(null===n)return f(r?t:0);switch(typeof n){case"boolean":return l(n,r?t:0);case"number":return i(n,r?t:0);case"string":return o(n,r?t:0);default:return n instanceof Array?a(n,t,r):c(n,t,r)}},c=function(n,t,r){var e=s(),u=Object.keys(n).map(function(r){return j(r,n[r],t+1,!0)}).join(m()),c=[g("{",r?t:0,e),N(u,{id:e}),p("}",t)].join("\n");return N(c,{})},a=function(n,t,r){var e=s(),c=n.map(function(n){return u(n,t+1,!0)}).join(m());return[g("[",r?t:0,e),N(c,{id:e}),p("]",t)].join("\n")},o=function(n,t){var r=e(JSON.stringify(n));return N(v(r,t),{class:"jstStr"})},i=function(n,t){return N(v(n,t),{class:"jstNum"})},l=function(n,t){return N(v(n,t),{class:"jstBool"})},f=function(n){return N(v("null",n),{class:"jstNull"})},j=function(n,t,r){var s=v(e(JSON.stringify(n))+": ",r),c=N(u(t,r,!1),{});return N(s+c,{class:"jstProperty"})},m=function(){return N(",\n",{class:"jstComma"})},N=function(n,t){return d("span",t,n)},d=function(n,t,r){return"<"+n+Object.keys(t).map(function(n){return" "+n+'="'+t[n]+'"'}).join("")+">"+r+"</"+n+">"},g=function(n,t,r){return N(v(n,t),{class:"jstBracket"})+N("",{class:"jstFold",onclick:"JSONTree.toggle('"+r+"')"})};this.toggle=function(n){var t=document.getElementById(n),r=t.parentNode,e=t.previousElementSibling;""===t.className?(t.className="jstHiddenBlock",r.className="jstFolded",e.className="jstExpand"):(t.className="",r.className="",e.className="jstFold")};var p=function(n,t){return N(v(n,t),{})},v=function(n,t){return Array(2*t+1).join(" ")+n};return this}();
	</script>
</head>
	<body class='extent dark default hide-overflow '>
		<div id='theme-selector' alt='Click to toggle theme. To enable by default, use theme configuration.' title='Click to toggle theme. To enable by default, use theme configuration.'>
			<span><i class='material-icons'>desktop_windows</i></span>
		</div>
<nav>
	<div class="nav-wrapper">
		<a href="#!" class="brand-logo black"><img src="https://cdn.rawgit.com/extent-framework/extent-github-cdn/d74480e/commons/img/logo.png"></a>
		<!-- slideout menu -->
		<ul id='slide-out' class='side-nav fixed hide-on-med-and-down'>
			<li class='waves-effect active'><a href='#!' view='test-view' onclick="configureView(0);chartsView('test');"><i class='material-icons'>dashboard</i></a></li>
						<li class='waves-effect'><a href='#!' view='exception-view' onclick="configureView(2)"><i class='material-icons'>bug_report</i></a></li>
			<li class='waves-effect'><a href='#!' onclick="configureView(-1);chartsView('dashboard');" view='dashboard-view'><i class='material-icons'>track_changes</i></a></li>
			<li class='waves-effect'><a href='#!' onclick="configureView(-1)" view='testrunner-logs-view'><i class='material-icons'>note</i></a></li>
		</ul>
		<!-- report name -->
		<span class='report-name'>Nopcommerce HTML Report</span>
		<!-- report headline -->
		<span class='report-headline'></span>
		<!-- nav-right -->
		<ul id='nav-mobile' class='right hide-on-med-and-down nav-right'>
			<a href='#!'>
			<span class='label blue darken-3 suite-start-time'>Nov 30, 2021 11:27:43 PM</span>
			</a>
		</ul>
	</div>
</nav>		<!-- container -->
		<div class='container'>
<div id='test-view' class='view'>
	<section id='controls'>
		<div class='controls grey lighten-4'>
			<!-- test toggle -->
			<div class='chip transparent'>
				<a class='dropdown-button tests-toggle' data-activates='tests-toggle' data-constrainwidth='true' data-beloworigin='true' data-hover='true' href='#'>
				<i class='material-icons'>warning</i> Status
				</a>
				<ul id='tests-toggle' class='dropdown-content'>
										<li status='pass'><a href='#!'>Pass <i class='material-icons green-text'>check_circle</i></a></li>
					<li status='fail'><a href='#!'>Fail <i class='material-icons red-text'>cancel</i></a></li>
					<li class='divider'></li>
					<li status='clear' clear='true'><a href='#!'>Clear Filters <i class='material-icons'>clear</i></a></li>
				</ul>
			</div>
			<!-- test toggle -->
			<!-- category toggle -->
			<!-- category toggle -->
			<!-- clear filters -->
			<div class='chip transparent hide'>
				<a class='' id='clear-filters' alt='Clear Filters' title='Clear Filters'>
				<i class='material-icons'>close</i> Clear
				</a>
			</div>
			<!-- clear filters -->
			<!-- enable dashboard -->
			<div id='toggle-test-view-charts' class='chip transparent'>
				<a class='pink-text' id='enable-dashboard' alt='Enable Dashboard' title='Enable Dashboard'>
				<i class='material-icons'>track_changes</i> Dashboard
				</a>
			</div>
			<!-- enable dashboard -->
			<!-- search -->
			<div class='chip transparent' alt='Search Tests' title='Search Tests'>
				<a href="#" class='search-div'>
				<i class='material-icons'>search</i> Search
				</a>
				<div class='input-field left hide'>
					<input id='search-tests' type='text' class='validate browser-default' placeholder='Search Tests...'>
				</div>
			</div>
			<!-- search -->
		</div>
	</section>
<div id='test-view-charts' class='subview-full'>
    <div id='charts-row' class='row nm-v nm-h'>
        <div class='col s12 m12 l12 np-h'>
            <div class='card-panel nm-v'>
                <div class='left panel-name'>Tests</div>
                <div class='chart-box' style="max-height:94px;">
                    <canvas id='parent-analysis' width='90' height='70'></canvas>
                </div>
                <div class='block text-small'>
                    <span class='tooltipped' data-position='top' data-tooltip='92.593%'><span class='strong'>25</span> test(s) passed</span>
                </div>
                <div class='block text-small'>
                    <span class='strong tooltipped' data-position='top' data-tooltip='7.407%'>2</span> test(s) failed, <span class='strong tooltipped' data-position='top' data-tooltip='0%'>0</span> others
                </div>
            </div>
        </div>
    </div>
    <div id="timeline-chart" class="row nm-v nm-h">
        <div class="col s12 m12 l12 np-h">
            <div class="card-panel">
                <div class='left panel-name'>Timeline (seconds)</div>
                <div class="chart-box" style="width:98%;max-height:145px;">
                    <canvas id="timeline" height="120"></canvas>
                </div>
            </div>
        </div>
    </div>
</div>	<div class='subview-left left'>
		<div class='view-summary'>
			<ul id='test-collection' class='test-collection'>
				<li class='test displayed active  fail' status='fail' bdd='false' test-id='1'>
					<div class='test-heading'>
						<span class='test-name'>NC_13_Verify_Field_State_Cannot_Be_Numeric</span>
						<span class='test-time'>Nov 30, 2021 11:27:39 PM</span>
						<span class='test-status right fail'>fail</span>
					</div>
					<div class='test-content hide'>
<div class='test-time-info'>
	<span class='label start-time'>Nov 30, 2021 11:27:39 PM</span>
	<span class='label end-time'>Nov 30, 2021 11:27:43 PM</span>
	<span class='label time-taken grey lighten-1 white-text'>0h 0m 3s+640ms</span>
</div>
<div class='test-steps'>
	<table class='bordered table-results'>
		<thead>
			<tr>
				<th>Status</th>
				<th>Timestamp</th>
				<th>Details</th>
			</tr>
		</thead>
		<tbody>
			<tr class='log' status='fail'>
				<td class='status fail' title='fail' alt='fail'><i class='material-icons'>cancel</i></td>
				<td class='timestamp'>11:27:43 PM</td>
				<td class='step-details'>
						<textarea disabled class="code-block">java.lang.AssertionError: expected [Numbers are not allowed] but found [First character can not have space]
	at org.testng.Assert.fail(Assert.java:96)
	at org.testng.Assert.failNotEquals(Assert.java:776)
	at org.testng.Assert.assertEqualsImpl(Assert.java:137)
	at org.testng.Assert.assertEquals(Assert.java:118)
	at org.testng.Assert.assertEquals(Assert.java:442)
	at commons.BaseTest.checkEquals(BaseTest.java:166)
	at commons.BaseTest.verifyEquals(BaseTest.java:178)
	at com.bankguru.livecodingproject.newCustomerTestcase.NC_13_Verify_Field_State_Cannot_Be_Numeric(newCustomerTestcase.java:192)
	at java.base/jdk.internal.reflect.NativeMethodAccessorImpl.invoke0(Native Method)
	at java.base/jdk.internal.reflect.NativeMethodAccessorImpl.invoke(NativeMethodAccessorImpl.java:78)
	at java.base/jdk.internal.reflect.DelegatingMethodAccessorImpl.invoke(DelegatingMethodAccessorImpl.java:43)
	at java.base/java.lang.reflect.Method.invoke(Method.java:567)
	at org.testng.internal.MethodInvocationHelper.invokeMethod(MethodInvocationHelper.java:124)
	at org.testng.internal.Invoker.invokeMethod(Invoker.java:583)
	at org.testng.internal.Invoker.invokeTestMethod(Invoker.java:719)
	at org.testng.internal.Invoker.invokeTestMethods(Invoker.java:989)
	at org.testng.internal.TestMethodWorker.invokeTestMethods(TestMethodWorker.java:125)
	at org.testng.internal.TestMethodWorker.run(TestMethodWorker.java:109)
	at org.testng.TestRunner.privateRun(TestRunner.java:648)
	at org.testng.TestRunner.run(TestRunner.java:505)
	at org.testng.SuiteRunner.runTest(SuiteRunner.java:455)
	at org.testng.SuiteRunner.access$000(SuiteRunner.java:40)
	at org.testng.SuiteRunner$SuiteWorker.run(SuiteRunner.java:489)
	at org.testng.internal.thread.ThreadUtil$1.call(ThreadUtil.java:52)
	at java.base/java.util.concurrent.FutureTask.run(FutureTask.java:264)
	at java.base/java.util.concurrent.ThreadPoolExecutor.runWorker(ThreadPoolExecutor.java:1130)
	at java.base/java.util.concurrent.ThreadPoolExecutor$Worker.run(ThreadPoolExecutor.java:630)
	at java.base/java.lang.Thread.run(Thread.java:831)
</textarea>
					
				</td>
			</tr>
		</tbody>
	</table>
</div>
					</div>
				</li>
				<li class='test displayed active  fail' status='fail' bdd='false' test-id='2'>
					<div class='test-heading'>
						<span class='test-name'>NC_14_Verify_Field_State_Cannot_Have_Special_Character</span>
						<span class='test-time'>Nov 30, 2021 11:27:39 PM</span>
						<span class='test-status right fail'>fail</span>
					</div>
					<div class='test-content hide'>
<div class='test-time-info'>
	<span class='label start-time'>Nov 30, 2021 11:27:39 PM</span>
	<span class='label end-time'>Nov 30, 2021 11:27:43 PM</span>
	<span class='label time-taken grey lighten-1 white-text'>0h 0m 3s+383ms</span>
</div>
<div class='test-steps'>
	<table class='bordered table-results'>
		<thead>
			<tr>
				<th>Status</th>
				<th>Timestamp</th>
				<th>Details</th>
			</tr>
		</thead>
		<tbody>
			<tr class='log' status='fail'>
				<td class='status fail' title='fail' alt='fail'><i class='material-icons'>cancel</i></td>
				<td class='timestamp'>11:27:43 PM</td>
				<td class='step-details'>
						<textarea disabled class="code-block">java.lang.AssertionError: expected [Special characters are not allowed] but found [First character can not have space]
	at org.testng.Assert.fail(Assert.java:96)
	at org.testng.Assert.failNotEquals(Assert.java:776)
	at org.testng.Assert.assertEqualsImpl(Assert.java:137)
	at org.testng.Assert.assertEquals(Assert.java:118)
	at org.testng.Assert.assertEquals(Assert.java:442)
	at commons.BaseTest.checkEquals(BaseTest.java:166)
	at commons.BaseTest.verifyEquals(BaseTest.java:178)
	at com.bankguru.livecodingproject.newCustomerTestcase.NC_14_Verify_Field_State_Cannot_Have_Special_Character(newCustomerTestcase.java:201)
	at java.base/jdk.internal.reflect.NativeMethodAccessorImpl.invoke0(Native Method)
	at java.base/jdk.internal.reflect.NativeMethodAccessorImpl.invoke(NativeMethodAccessorImpl.java:78)
	at java.base/jdk.internal.reflect.DelegatingMethodAccessorImpl.invoke(DelegatingMethodAccessorImpl.java:43)
	at java.base/java.lang.reflect.Method.invoke(Method.java:567)
	at org.testng.internal.MethodInvocationHelper.invokeMethod(MethodInvocationHelper.java:124)
	at org.testng.internal.Invoker.invokeMethod(Invoker.java:583)
	at org.testng.internal.Invoker.invokeTestMethod(Invoker.java:719)
	at org.testng.internal.Invoker.invokeTestMethods(Invoker.java:989)
	at org.testng.internal.TestMethodWorker.invokeTestMethods(TestMethodWorker.java:125)
	at org.testng.internal.TestMethodWorker.run(TestMethodWorker.java:109)
	at org.testng.TestRunner.privateRun(TestRunner.java:648)
	at org.testng.TestRunner.run(TestRunner.java:505)
	at org.testng.SuiteRunner.runTest(SuiteRunner.java:455)
	at org.testng.SuiteRunner.access$000(SuiteRunner.java:40)
	at org.testng.SuiteRunner$SuiteWorker.run(SuiteRunner.java:489)
	at org.testng.internal.thread.ThreadUtil$1.call(ThreadUtil.java:52)
	at java.base/java.util.concurrent.FutureTask.run(FutureTask.java:264)
	at java.base/java.util.concurrent.ThreadPoolExecutor.runWorker(ThreadPoolExecutor.java:1130)
	at java.base/java.util.concurrent.ThreadPoolExecutor$Worker.run(ThreadPoolExecutor.java:630)
	at java.base/java.lang.Thread.run(Thread.java:831)
</textarea>
					
				</td>
			</tr>
		</tbody>
	</table>
</div>
					</div>
				</li>
				<li class='test displayed active  pass' status='pass' bdd='false' test-id='3'>
					<div class='test-heading'>
						<span class='test-name'>NC_04_Verify_Field_Name_Cannot_Have_Special_Character</span>
						<span class='test-time'>Nov 30, 2021 11:27:37 PM</span>
						<span class='test-status right pass'>pass</span>
					</div>
					<div class='test-content hide'>
<div class='test-time-info'>
	<span class='label start-time'>Nov 30, 2021 11:27:37 PM</span>
	<span class='label end-time'>Nov 30, 2021 11:27:43 PM</span>
	<span class='label time-taken grey lighten-1 white-text'>0h 0m 5s+673ms</span>
</div>
<div class='test-steps'>
	<table class='bordered table-results'>
		<thead>
			<tr>
				<th>Status</th>
				<th>Timestamp</th>
				<th>Details</th>
			</tr>
		</thead>
		<tbody>
			<tr class='log' status='pass'>
				<td class='status pass' title='pass' alt='pass'><i class='material-icons'>check_circle</i></td>
				<td class='timestamp'>11:27:43 PM</td>
				<td class='step-details'>
						Test passed
					
				</td>
			</tr>
		</tbody>
	</table>
</div>
					</div>
				</li>
				<li class='test displayed active  pass' status='pass' bdd='false' test-id='4'>
					<div class='test-heading'>
						<span class='test-name'>NC_19_Verify_Field_Pin_Cannot_Have_Special_Character</span>
						<span class='test-time'>Nov 30, 2021 11:27:40 PM</span>
						<span class='test-status right pass'>pass</span>
					</div>
					<div class='test-content hide'>
<div class='test-time-info'>
	<span class='label start-time'>Nov 30, 2021 11:27:40 PM</span>
	<span class='label end-time'>Nov 30, 2021 11:27:43 PM</span>
	<span class='label time-taken grey lighten-1 white-text'>0h 0m 2s+555ms</span>
</div>
<div class='test-steps'>
	<table class='bordered table-results'>
		<thead>
			<tr>
				<th>Status</th>
				<th>Timestamp</th>
				<th>Details</th>
			</tr>
		</thead>
		<tbody>
			<tr class='log' status='pass'>
				<td class='status pass' title='pass' alt='pass'><i class='material-icons'>check_circle</i></td>
				<td class='timestamp'>11:27:43 PM</td>
				<td class='step-details'>
						Test passed
					
				</td>
			</tr>
		</tbody>
	</table>
</div>
					</div>
				</li>
				<li class='test displayed active  pass' status='pass' bdd='false' test-id='5'>
					<div class='test-heading'>
						<span class='test-name'>NC_06_Verify_Field_Address_Cannot_Be_Empty</span>
						<span class='test-time'>Nov 30, 2021 11:27:38 PM</span>
						<span class='test-status right pass'>pass</span>
					</div>
					<div class='test-content hide'>
<div class='test-time-info'>
	<span class='label start-time'>Nov 30, 2021 11:27:38 PM</span>
	<span class='label end-time'>Nov 30, 2021 11:27:43 PM</span>
	<span class='label time-taken grey lighten-1 white-text'>0h 0m 5s+22ms</span>
</div>
<div class='test-steps'>
	<table class='bordered table-results'>
		<thead>
			<tr>
				<th>Status</th>
				<th>Timestamp</th>
				<th>Details</th>
			</tr>
		</thead>
		<tbody>
			<tr class='log' status='pass'>
				<td class='status pass' title='pass' alt='pass'><i class='material-icons'>check_circle</i></td>
				<td class='timestamp'>11:27:43 PM</td>
				<td class='step-details'>
						Test passed
					
				</td>
			</tr>
		</tbody>
	</table>
</div>
					</div>
				</li>
				<li class='test displayed active  pass' status='pass' bdd='false' test-id='6'>
					<div class='test-heading'>
						<span class='test-name'>NC_27_Verify_Field_Email_Cannot_Have_Space</span>
						<span class='test-time'>Nov 30, 2021 11:27:41 PM</span>
						<span class='test-status right pass'>pass</span>
					</div>
					<div class='test-content hide'>
<div class='test-time-info'>
	<span class='label start-time'>Nov 30, 2021 11:27:41 PM</span>
	<span class='label end-time'>Nov 30, 2021 11:27:43 PM</span>
	<span class='label time-taken grey lighten-1 white-text'>0h 0m 1s+362ms</span>
</div>
<div class='test-steps'>
	<table class='bordered table-results'>
		<thead>
			<tr>
				<th>Status</th>
				<th>Timestamp</th>
				<th>Details</th>
			</tr>
		</thead>
		<tbody>
			<tr class='log' status='pass'>
				<td class='status pass' title='pass' alt='pass'><i class='material-icons'>check_circle</i></td>
				<td class='timestamp'>11:27:43 PM</td>
				<td class='step-details'>
						Test passed
					
				</td>
			</tr>
		</tbody>
	</table>
</div>
					</div>
				</li>
				<li class='test displayed active  pass' status='pass' bdd='false' test-id='7'>
					<div class='test-heading'>
						<span class='test-name'>NC_11_Verify_Field_City_Cannot_First_Blank_Space</span>
						<span class='test-time'>Nov 30, 2021 11:27:39 PM</span>
						<span class='test-status right pass'>pass</span>
					</div>
					<div class='test-content hide'>
<div class='test-time-info'>
	<span class='label start-time'>Nov 30, 2021 11:27:39 PM</span>
	<span class='label end-time'>Nov 30, 2021 11:27:43 PM</span>
	<span class='label time-taken grey lighten-1 white-text'>0h 0m 4s+35ms</span>
</div>
<div class='test-steps'>
	<table class='bordered table-results'>
		<thead>
			<tr>
				<th>Status</th>
				<th>Timestamp</th>
				<th>Details</th>
			</tr>
		</thead>
		<tbody>
			<tr class='log' status='pass'>
				<td class='status pass' title='pass' alt='pass'><i class='material-icons'>check_circle</i></td>
				<td class='timestamp'>11:27:43 PM</td>
				<td class='step-details'>
						Test passed
					
				</td>
			</tr>
		</tbody>
	</table>
</div>
					</div>
				</li>
				<li class='test displayed active  pass' status='pass' bdd='false' test-id='8'>
					<div class='test-heading'>
						<span class='test-name'>NC_02_Verify_Name_Field_Name_Cannot_Empty</span>
						<span class='test-time'>Nov 30, 2021 11:27:36 PM</span>
						<span class='test-status right pass'>pass</span>
					</div>
					<div class='test-content hide'>
<div class='test-time-info'>
	<span class='label start-time'>Nov 30, 2021 11:27:36 PM</span>
	<span class='label end-time'>Nov 30, 2021 11:27:43 PM</span>
	<span class='label time-taken grey lighten-1 white-text'>0h 0m 6s+523ms</span>
</div>
<div class='test-steps'>
	<table class='bordered table-results'>
		<thead>
			<tr>
				<th>Status</th>
				<th>Timestamp</th>
				<th>Details</th>
			</tr>
		</thead>
		<tbody>
			<tr class='log' status='pass'>
				<td class='status pass' title='pass' alt='pass'><i class='material-icons'>check_circle</i></td>
				<td class='timestamp'>11:27:43 PM</td>
				<td class='step-details'>
						Test passed
					
				</td>
			</tr>
		</tbody>
	</table>
</div>
					</div>
				</li>
				<li class='test displayed active  pass' status='pass' bdd='false' test-id='9'>
					<div class='test-heading'>
						<span class='test-name'>NC_12_Verify_Field_State_Cannot_Be_Empty</span>
						<span class='test-time'>Nov 30, 2021 11:27:39 PM</span>
						<span class='test-status right pass'>pass</span>
					</div>
					<div class='test-content hide'>
<div class='test-time-info'>
	<span class='label start-time'>Nov 30, 2021 11:27:39 PM</span>
	<span class='label end-time'>Nov 30, 2021 11:27:43 PM</span>
	<span class='label time-taken grey lighten-1 white-text'>0h 0m 3s+935ms</span>
</div>
<div class='test-steps'>
	<table class='bordered table-results'>
		<thead>
			<tr>
				<th>Status</th>
				<th>Timestamp</th>
				<th>Details</th>
			</tr>
		</thead>
		<tbody>
			<tr class='log' status='pass'>
				<td class='status pass' title='pass' alt='pass'><i class='material-icons'>check_circle</i></td>
				<td class='timestamp'>11:27:43 PM</td>
				<td class='step-details'>
						Test passed
					
				</td>
			</tr>
		</tbody>
	</table>
</div>
					</div>
				</li>
				<li class='test displayed active  pass' status='pass' bdd='false' test-id='10'>
					<div class='test-heading'>
						<span class='test-name'>NC_18_Verify_Field_Pin_Must_Have_6_Digits</span>
						<span class='test-time'>Nov 30, 2021 11:27:40 PM</span>
						<span class='test-status right pass'>pass</span>
					</div>
					<div class='test-content hide'>
<div class='test-time-info'>
	<span class='label start-time'>Nov 30, 2021 11:27:40 PM</span>
	<span class='label end-time'>Nov 30, 2021 11:27:43 PM</span>
	<span class='label time-taken grey lighten-1 white-text'>0h 0m 2s+666ms</span>
</div>
<div class='test-steps'>
	<table class='bordered table-results'>
		<thead>
			<tr>
				<th>Status</th>
				<th>Timestamp</th>
				<th>Details</th>
			</tr>
		</thead>
		<tbody>
			<tr class='log' status='pass'>
				<td class='status pass' title='pass' alt='pass'><i class='material-icons'>check_circle</i></td>
				<td class='timestamp'>11:27:43 PM</td>
				<td class='step-details'>
						Test passed
					
				</td>
			</tr>
		</tbody>
	</table>
</div>
					</div>
				</li>
				<li class='test displayed active  pass' status='pass' bdd='false' test-id='11'>
					<div class='test-heading'>
						<span class='test-name'>NC_25_Verify_Field_Email_Cannot_Be_Empty</span>
						<span class='test-time'>Nov 30, 2021 11:27:41 PM</span>
						<span class='test-status right pass'>pass</span>
					</div>
					<div class='test-content hide'>
<div class='test-time-info'>
	<span class='label start-time'>Nov 30, 2021 11:27:41 PM</span>
	<span class='label end-time'>Nov 30, 2021 11:27:43 PM</span>
	<span class='label time-taken grey lighten-1 white-text'>0h 0m 1s+790ms</span>
</div>
<div class='test-steps'>
	<table class='bordered table-results'>
		<thead>
			<tr>
				<th>Status</th>
				<th>Timestamp</th>
				<th>Details</th>
			</tr>
		</thead>
		<tbody>
			<tr class='log' status='pass'>
				<td class='status pass' title='pass' alt='pass'><i class='material-icons'>check_circle</i></td>
				<td class='timestamp'>11:27:43 PM</td>
				<td class='step-details'>
						Test passed
					
				</td>
			</tr>
		</tbody>
	</table>
</div>
					</div>
				</li>
				<li class='test displayed active  pass' status='pass' bdd='false' test-id='12'>
					<div class='test-heading'>
						<span class='test-name'>NC_05_Verify_Field_Name_Cannot_Have_First_Character_As_Blank_Space</span>
						<span class='test-time'>Nov 30, 2021 11:27:37 PM</span>
						<span class='test-status right pass'>pass</span>
					</div>
					<div class='test-content hide'>
<div class='test-time-info'>
	<span class='label start-time'>Nov 30, 2021 11:27:37 PM</span>
	<span class='label end-time'>Nov 30, 2021 11:27:43 PM</span>
	<span class='label time-taken grey lighten-1 white-text'>0h 0m 5s+354ms</span>
</div>
<div class='test-steps'>
	<table class='bordered table-results'>
		<thead>
			<tr>
				<th>Status</th>
				<th>Timestamp</th>
				<th>Details</th>
			</tr>
		</thead>
		<tbody>
			<tr class='log' status='pass'>
				<td class='status pass' title='pass' alt='pass'><i class='material-icons'>check_circle</i></td>
				<td class='timestamp'>11:27:43 PM</td>
				<td class='step-details'>
						Test passed
					
				</td>
			</tr>
		</tbody>
	</table>
</div>
					</div>
				</li>
				<li class='test displayed active  pass' status='pass' bdd='false' test-id='13'>
					<div class='test-heading'>
						<span class='test-name'>NC_07_Verify_Field_Address_Cannot_Have_First_Black_Space</span>
						<span class='test-time'>Nov 30, 2021 11:27:38 PM</span>
						<span class='test-status right pass'>pass</span>
					</div>
					<div class='test-content hide'>
<div class='test-time-info'>
	<span class='label start-time'>Nov 30, 2021 11:27:38 PM</span>
	<span class='label end-time'>Nov 30, 2021 11:27:43 PM</span>
	<span class='label time-taken grey lighten-1 white-text'>0h 0m 4s+739ms</span>
</div>
<div class='test-steps'>
	<table class='bordered table-results'>
		<thead>
			<tr>
				<th>Status</th>
				<th>Timestamp</th>
				<th>Details</th>
			</tr>
		</thead>
		<tbody>
			<tr class='log' status='pass'>
				<td class='status pass' title='pass' alt='pass'><i class='material-icons'>check_circle</i></td>
				<td class='timestamp'>11:27:43 PM</td>
				<td class='step-details'>
						Test passed
					
				</td>
			</tr>
		</tbody>
	</table>
</div>
					</div>
				</li>
				<li class='test displayed active  pass' status='pass' bdd='false' test-id='14'>
					<div class='test-heading'>
						<span class='test-name'>NC_08_Verify_Field_City_Cannot_Be_Empty</span>
						<span class='test-time'>Nov 30, 2021 11:27:38 PM</span>
						<span class='test-status right pass'>pass</span>
					</div>
					<div class='test-content hide'>
<div class='test-time-info'>
	<span class='label start-time'>Nov 30, 2021 11:27:38 PM</span>
	<span class='label end-time'>Nov 30, 2021 11:27:43 PM</span>
	<span class='label time-taken grey lighten-1 white-text'>0h 0m 4s+644ms</span>
</div>
<div class='test-steps'>
	<table class='bordered table-results'>
		<thead>
			<tr>
				<th>Status</th>
				<th>Timestamp</th>
				<th>Details</th>
			</tr>
		</thead>
		<tbody>
			<tr class='log' status='pass'>
				<td class='status pass' title='pass' alt='pass'><i class='material-icons'>check_circle</i></td>
				<td class='timestamp'>11:27:43 PM</td>
				<td class='step-details'>
						Test passed
					
				</td>
			</tr>
		</tbody>
	</table>
</div>
					</div>
				</li>
				<li class='test displayed active  pass' status='pass' bdd='false' test-id='15'>
					<div class='test-heading'>
						<span class='test-name'>NC_21_Verify_Field_Telephone_Cannot_Be_Empty</span>
						<span class='test-time'>Nov 30, 2021 11:27:40 PM</span>
						<span class='test-status right pass'>pass</span>
					</div>
					<div class='test-content hide'>
<div class='test-time-info'>
	<span class='label start-time'>Nov 30, 2021 11:27:40 PM</span>
	<span class='label end-time'>Nov 30, 2021 11:27:43 PM</span>
	<span class='label time-taken grey lighten-1 white-text'>0h 0m 2s+343ms</span>
</div>
<div class='test-steps'>
	<table class='bordered table-results'>
		<thead>
			<tr>
				<th>Status</th>
				<th>Timestamp</th>
				<th>Details</th>
			</tr>
		</thead>
		<tbody>
			<tr class='log' status='pass'>
				<td class='status pass' title='pass' alt='pass'><i class='material-icons'>check_circle</i></td>
				<td class='timestamp'>11:27:43 PM</td>
				<td class='step-details'>
						Test passed
					
				</td>
			</tr>
		</tbody>
	</table>
</div>
					</div>
				</li>
				<li class='test displayed active  pass' status='pass' bdd='false' test-id='16'>
					<div class='test-heading'>
						<span class='test-name'>NC_24_Verify_Field_Telephone_Cannot_Have_Special_Character</span>
						<span class='test-time'>Nov 30, 2021 11:27:41 PM</span>
						<span class='test-status right pass'>pass</span>
					</div>
					<div class='test-content hide'>
<div class='test-time-info'>
	<span class='label start-time'>Nov 30, 2021 11:27:41 PM</span>
	<span class='label end-time'>Nov 30, 2021 11:27:43 PM</span>
	<span class='label time-taken grey lighten-1 white-text'>0h 0m 1s+893ms</span>
</div>
<div class='test-steps'>
	<table class='bordered table-results'>
		<thead>
			<tr>
				<th>Status</th>
				<th>Timestamp</th>
				<th>Details</th>
			</tr>
		</thead>
		<tbody>
			<tr class='log' status='pass'>
				<td class='status pass' title='pass' alt='pass'><i class='material-icons'>check_circle</i></td>
				<td class='timestamp'>11:27:43 PM</td>
				<td class='step-details'>
						Test passed
					
				</td>
			</tr>
		</tbody>
	</table>
</div>
					</div>
				</li>
				<li class='test displayed active  pass' status='pass' bdd='false' test-id='17'>
					<div class='test-heading'>
						<span class='test-name'>NC_26_Verify_Field_Email_Must_Be_Incorrect</span>
						<span class='test-time'>Nov 30, 2021 11:27:41 PM</span>
						<span class='test-status right pass'>pass</span>
					</div>
					<div class='test-content hide'>
<div class='test-time-info'>
	<span class='label start-time'>Nov 30, 2021 11:27:41 PM</span>
	<span class='label end-time'>Nov 30, 2021 11:27:43 PM</span>
	<span class='label time-taken grey lighten-1 white-text'>0h 0m 1s+465ms</span>
</div>
<div class='test-steps'>
	<table class='bordered table-results'>
		<thead>
			<tr>
				<th>Status</th>
				<th>Timestamp</th>
				<th>Details</th>
			</tr>
		</thead>
		<tbody>
			<tr class='log' status='pass'>
				<td class='status pass' title='pass' alt='pass'><i class='material-icons'>check_circle</i></td>
				<td class='timestamp'>11:27:43 PM</td>
				<td class='step-details'>
						Test passed
					
				</td>
			</tr>
		</tbody>
	</table>
</div>
					</div>
				</li>
				<li class='test displayed active  pass' status='pass' bdd='false' test-id='18'>
					<div class='test-heading'>
						<span class='test-name'>NC_01_Create_New_Customer_And_Checked_Created_Succesfully</span>
						<span class='test-time'>Nov 30, 2021 11:27:30 PM</span>
						<span class='test-status right pass'>pass</span>
					</div>
					<div class='test-content hide'>
<div class='test-time-info'>
	<span class='label start-time'>Nov 30, 2021 11:27:30 PM</span>
	<span class='label end-time'>Nov 30, 2021 11:27:43 PM</span>
	<span class='label time-taken grey lighten-1 white-text'>0h 0m 12s+554ms</span>
</div>
<div class='test-steps'>
	<table class='bordered table-results'>
		<thead>
			<tr>
				<th>Status</th>
				<th>Timestamp</th>
				<th>Details</th>
			</tr>
		</thead>
		<tbody>
			<tr class='log' status='pass'>
				<td class='status pass' title='pass' alt='pass'><i class='material-icons'>check_circle</i></td>
				<td class='timestamp'>11:27:43 PM</td>
				<td class='step-details'>
						Test passed
					
				</td>
			</tr>
		</tbody>
	</table>
</div>
					</div>
				</li>
				<li class='test displayed active  pass' status='pass' bdd='false' test-id='19'>
					<div class='test-heading'>
						<span class='test-name'>NC_22_Verify_Field_Telephone_Cannot_Have_First_Blank_Space</span>
						<span class='test-time'>Nov 30, 2021 11:27:41 PM</span>
						<span class='test-status right pass'>pass</span>
					</div>
					<div class='test-content hide'>
<div class='test-time-info'>
	<span class='label start-time'>Nov 30, 2021 11:27:41 PM</span>
	<span class='label end-time'>Nov 30, 2021 11:27:43 PM</span>
	<span class='label time-taken grey lighten-1 white-text'>0h 0m 2s+98ms</span>
</div>
<div class='test-steps'>
	<table class='bordered table-results'>
		<thead>
			<tr>
				<th>Status</th>
				<th>Timestamp</th>
				<th>Details</th>
			</tr>
		</thead>
		<tbody>
			<tr class='log' status='pass'>
				<td class='status pass' title='pass' alt='pass'><i class='material-icons'>check_circle</i></td>
				<td class='timestamp'>11:27:43 PM</td>
				<td class='step-details'>
						Test passed
					
				</td>
			</tr>
		</tbody>
	</table>
</div>
					</div>
				</li>
				<li class='test displayed active  pass' status='pass' bdd='false' test-id='20'>
					<div class='test-heading'>
						<span class='test-name'>NC_17_Verify_Field_Pin_Cannot_Empty</span>
						<span class='test-time'>Nov 30, 2021 11:27:40 PM</span>
						<span class='test-status right pass'>pass</span>
					</div>
					<div class='test-content hide'>
<div class='test-time-info'>
	<span class='label start-time'>Nov 30, 2021 11:27:40 PM</span>
	<span class='label end-time'>Nov 30, 2021 11:27:43 PM</span>
	<span class='label time-taken grey lighten-1 white-text'>0h 0m 2s+766ms</span>
</div>
<div class='test-steps'>
	<table class='bordered table-results'>
		<thead>
			<tr>
				<th>Status</th>
				<th>Timestamp</th>
				<th>Details</th>
			</tr>
		</thead>
		<tbody>
			<tr class='log' status='pass'>
				<td class='status pass' title='pass' alt='pass'><i class='material-icons'>check_circle</i></td>
				<td class='timestamp'>11:27:43 PM</td>
				<td class='step-details'>
						Test passed
					
				</td>
			</tr>
		</tbody>
	</table>
</div>
					</div>
				</li>
				<li class='test displayed active  pass' status='pass' bdd='false' test-id='21'>
					<div class='test-heading'>
						<span class='test-name'>NC_09_Verify_Field_City_Cannot_Be_Numeric</span>
						<span class='test-time'>Nov 30, 2021 11:27:38 PM</span>
						<span class='test-status right pass'>pass</span>
					</div>
					<div class='test-content hide'>
<div class='test-time-info'>
	<span class='label start-time'>Nov 30, 2021 11:27:38 PM</span>
	<span class='label end-time'>Nov 30, 2021 11:27:43 PM</span>
	<span class='label time-taken grey lighten-1 white-text'>0h 0m 4s+343ms</span>
</div>
<div class='test-steps'>
	<table class='bordered table-results'>
		<thead>
			<tr>
				<th>Status</th>
				<th>Timestamp</th>
				<th>Details</th>
			</tr>
		</thead>
		<tbody>
			<tr class='log' status='pass'>
				<td class='status pass' title='pass' alt='pass'><i class='material-icons'>check_circle</i></td>
				<td class='timestamp'>11:27:43 PM</td>
				<td class='step-details'>
						Test passed
					
				</td>
			</tr>
		</tbody>
	</table>
</div>
					</div>
				</li>
				<li class='test displayed active  pass' status='pass' bdd='false' test-id='22'>
					<div class='test-heading'>
						<span class='test-name'>NC_16_Verify_Field_Pin_Must_Be_Numeric</span>
						<span class='test-time'>Nov 30, 2021 11:27:40 PM</span>
						<span class='test-status right pass'>pass</span>
					</div>
					<div class='test-content hide'>
<div class='test-time-info'>
	<span class='label start-time'>Nov 30, 2021 11:27:40 PM</span>
	<span class='label end-time'>Nov 30, 2021 11:27:43 PM</span>
	<span class='label time-taken grey lighten-1 white-text'>0h 0m 3s+42ms</span>
</div>
<div class='test-steps'>
	<table class='bordered table-results'>
		<thead>
			<tr>
				<th>Status</th>
				<th>Timestamp</th>
				<th>Details</th>
			</tr>
		</thead>
		<tbody>
			<tr class='log' status='pass'>
				<td class='status pass' title='pass' alt='pass'><i class='material-icons'>check_circle</i></td>
				<td class='timestamp'>11:27:43 PM</td>
				<td class='step-details'>
						Test passed
					
				</td>
			</tr>
		</tbody>
	</table>
</div>
					</div>
				</li>
				<li class='test displayed active  pass' status='pass' bdd='false' test-id='23'>
					<div class='test-heading'>
						<span class='test-name'>NC_23_Verify_Field_Telephone_Cannot_Have_Space</span>
						<span class='test-time'>Nov 30, 2021 11:27:41 PM</span>
						<span class='test-status right pass'>pass</span>
					</div>
					<div class='test-content hide'>
<div class='test-time-info'>
	<span class='label start-time'>Nov 30, 2021 11:27:41 PM</span>
	<span class='label end-time'>Nov 30, 2021 11:27:43 PM</span>
	<span class='label time-taken grey lighten-1 white-text'>0h 0m 1s+995ms</span>
</div>
<div class='test-steps'>
	<table class='bordered table-results'>
		<thead>
			<tr>
				<th>Status</th>
				<th>Timestamp</th>
				<th>Details</th>
			</tr>
		</thead>
		<tbody>
			<tr class='log' status='pass'>
				<td class='status pass' title='pass' alt='pass'><i class='material-icons'>check_circle</i></td>
				<td class='timestamp'>11:27:43 PM</td>
				<td class='step-details'>
						Test passed
					
				</td>
			</tr>
		</tbody>
	</table>
</div>
					</div>
				</li>
				<li class='test displayed active  pass' status='pass' bdd='false' test-id='24'>
					<div class='test-heading'>
						<span class='test-name'>NC_15_Verify_Field_State_Cannot_Have_First_Blank_Space</span>
						<span class='test-time'>Nov 30, 2021 11:27:40 PM</span>
						<span class='test-status right pass'>pass</span>
					</div>
					<div class='test-content hide'>
<div class='test-time-info'>
	<span class='label start-time'>Nov 30, 2021 11:27:40 PM</span>
	<span class='label end-time'>Nov 30, 2021 11:27:43 PM</span>
	<span class='label time-taken grey lighten-1 white-text'>0h 0m 3s+169ms</span>
</div>
<div class='test-steps'>
	<table class='bordered table-results'>
		<thead>
			<tr>
				<th>Status</th>
				<th>Timestamp</th>
				<th>Details</th>
			</tr>
		</thead>
		<tbody>
			<tr class='log' status='pass'>
				<td class='status pass' title='pass' alt='pass'><i class='material-icons'>check_circle</i></td>
				<td class='timestamp'>11:27:43 PM</td>
				<td class='step-details'>
						Test passed
					
				</td>
			</tr>
		</tbody>
	</table>
</div>
					</div>
				</li>
				<li class='test displayed active  pass' status='pass' bdd='false' test-id='25'>
					<div class='test-heading'>
						<span class='test-name'>NC_03_Verify_Field_Name_Name_Cannot_Numeric</span>
						<span class='test-time'>Nov 30, 2021 11:27:37 PM</span>
						<span class='test-status right pass'>pass</span>
					</div>
					<div class='test-content hide'>
<div class='test-time-info'>
	<span class='label start-time'>Nov 30, 2021 11:27:37 PM</span>
	<span class='label end-time'>Nov 30, 2021 11:27:43 PM</span>
	<span class='label time-taken grey lighten-1 white-text'>0h 0m 6s+6ms</span>
</div>
<div class='test-steps'>
	<table class='bordered table-results'>
		<thead>
			<tr>
				<th>Status</th>
				<th>Timestamp</th>
				<th>Details</th>
			</tr>
		</thead>
		<tbody>
			<tr class='log' status='pass'>
				<td class='status pass' title='pass' alt='pass'><i class='material-icons'>check_circle</i></td>
				<td class='timestamp'>11:27:43 PM</td>
				<td class='step-details'>
						Test passed
					
				</td>
			</tr>
		</tbody>
	</table>
</div>
					</div>
				</li>
				<li class='test displayed active  pass' status='pass' bdd='false' test-id='26'>
					<div class='test-heading'>
						<span class='test-name'>NC_20_Verify_Field_Pin_Cannot_Have_First_Blank_Space</span>
						<span class='test-time'>Nov 30, 2021 11:27:40 PM</span>
						<span class='test-status right pass'>pass</span>
					</div>
					<div class='test-content hide'>
<div class='test-time-info'>
	<span class='label start-time'>Nov 30, 2021 11:27:40 PM</span>
	<span class='label end-time'>Nov 30, 2021 11:27:43 PM</span>
	<span class='label time-taken grey lighten-1 white-text'>0h 0m 2s+446ms</span>
</div>
<div class='test-steps'>
	<table class='bordered table-results'>
		<thead>
			<tr>
				<th>Status</th>
				<th>Timestamp</th>
				<th>Details</th>
			</tr>
		</thead>
		<tbody>
			<tr class='log' status='pass'>
				<td class='status pass' title='pass' alt='pass'><i class='material-icons'>check_circle</i></td>
				<td class='timestamp'>11:27:43 PM</td>
				<td class='step-details'>
						Test passed
					
				</td>
			</tr>
		</tbody>
	</table>
</div>
					</div>
				</li>
				<li class='test displayed active  pass' status='pass' bdd='false' test-id='27'>
					<div class='test-heading'>
						<span class='test-name'>NC_10_Verify_Field_City_Cannot_Have_Special_Character</span>
						<span class='test-time'>Nov 30, 2021 11:27:39 PM</span>
						<span class='test-status right pass'>pass</span>
					</div>
					<div class='test-content hide'>
<div class='test-time-info'>
	<span class='label start-time'>Nov 30, 2021 11:27:39 PM</span>
	<span class='label end-time'>Nov 30, 2021 11:27:43 PM</span>
	<span class='label time-taken grey lighten-1 white-text'>0h 0m 4s+147ms</span>
</div>
<div class='test-steps'>
	<table class='bordered table-results'>
		<thead>
			<tr>
				<th>Status</th>
				<th>Timestamp</th>
				<th>Details</th>
			</tr>
		</thead>
		<tbody>
			<tr class='log' status='pass'>
				<td class='status pass' title='pass' alt='pass'><i class='material-icons'>check_circle</i></td>
				<td class='timestamp'>11:27:43 PM</td>
				<td class='step-details'>
						Test passed
					
				</td>
			</tr>
		</tbody>
	</table>
</div>
					</div>
				</li>
			</ul>
		</div>
	</div>
	<!-- subview left -->
	<div class='subview-right left'>
		<div class='view-summary'>
			<div id='step-filters' class="right sr-filters">
				<a class="btn-floating waves-effect waves-light green" status="pass" alt="pass" title="pass"><i class="material-icons">check_circle</i></a>
				<a class="btn-floating waves-effect waves-light red" status="fail" alt="fail" title="fail"><i class="material-icons">cancel</i></a>
				<a class="btn-floating waves-effect waves-light red darken-4" status="fatal" alt="fatal" title="fatal"><i class="material-icons">cancel</i></a>
				<a class="btn-floating waves-effect waves-light pink text-lighten-1" status="error" alt="error" title="error"><i class="material-icons">error</i></a>
				<a class="btn-floating waves-effect waves-light orange" alt="warning" status="warning" title="warning"><i class="material-icons">warning</i></a>
				<a class="btn-floating waves-effect waves-light teal" status="skip" alt="skip" title="skip"><i class="material-icons">redo</i></a>
				<a class="btn-floating waves-effect waves-light grey" status="clear" alt="Clear filters" title="Clear filters"><i class="material-icons">clear</i></a>
			</div>
			<h5 class='test-name'></h5>
		</div>
	</div>
	<!-- subview right -->
</div>
<!-- test view --><!-- category view --><div id='exception-view' class='view hide'>
	<section id='controls'>
		<div class='controls grey lighten-4'>
			<!-- search -->
			<div class='chip transparent' alt='Search Tests' title='Search Tests'>
				<a href="#" class='search-div'>
				<i class='material-icons'>search</i> Search
				</a>
				<div class='input-field left hide'>
					<input id='search-tests' type='text' class='validate browser-default' placeholder='Search Tests...'>
				</div>
			</div>
			<!-- search -->
		</div>
	</section>
	<div class='subview-left left'>
		<div class='view-summary'>
			<ul id='exception-collection' class='exception-collection'>
				<li class='exception displayed active'>
					<div class='exception-heading'>
						<span class='exception-name'>java.lang.AssertionError</span>
						<span class='exception-count right'><span class='label red lighten-1 white-text'>2</span></span>
					</div>
					<div class='exception-content hide'>
						<div class='exception-tests'>
							<table class='bordered table-results'>
								<thead>
									<tr>
										<th>Timestamp</th>
										<th>TestName</th>
										<th>Status</th>
									</tr>
								</thead>
								<tbody>
									<tr>
										<td>Nov 30, 2021 11:27:39 PM</td>
										<td class='linked' test-id='1'>NC_13_Verify_Field_State_Cannot_Be_Numeric</td>
										<td>
											<textarea disabled class="code-block">java.lang.AssertionError: expected [Numbers are not allowed] but found [First character can not have space]
	at org.testng.Assert.fail(Assert.java:96)
	at org.testng.Assert.failNotEquals(Assert.java:776)
	at org.testng.Assert.assertEqualsImpl(Assert.java:137)
	at org.testng.Assert.assertEquals(Assert.java:118)
	at org.testng.Assert.assertEquals(Assert.java:442)
	at commons.BaseTest.checkEquals(BaseTest.java:166)
	at commons.BaseTest.verifyEquals(BaseTest.java:178)
	at com.bankguru.livecodingproject.newCustomerTestcase.NC_13_Verify_Field_State_Cannot_Be_Numeric(newCustomerTestcase.java:192)
	at java.base/jdk.internal.reflect.NativeMethodAccessorImpl.invoke0(Native Method)
	at java.base/jdk.internal.reflect.NativeMethodAccessorImpl.invoke(NativeMethodAccessorImpl.java:78)
	at java.base/jdk.internal.reflect.DelegatingMethodAccessorImpl.invoke(DelegatingMethodAccessorImpl.java:43)
	at java.base/java.lang.reflect.Method.invoke(Method.java:567)
	at org.testng.internal.MethodInvocationHelper.invokeMethod(MethodInvocationHelper.java:124)
	at org.testng.internal.Invoker.invokeMethod(Invoker.java:583)
	at org.testng.internal.Invoker.invokeTestMethod(Invoker.java:719)
	at org.testng.internal.Invoker.invokeTestMethods(Invoker.java:989)
	at org.testng.internal.TestMethodWorker.invokeTestMethods(TestMethodWorker.java:125)
	at org.testng.internal.TestMethodWorker.run(TestMethodWorker.java:109)
	at org.testng.TestRunner.privateRun(TestRunner.java:648)
	at org.testng.TestRunner.run(TestRunner.java:505)
	at org.testng.SuiteRunner.runTest(SuiteRunner.java:455)
	at org.testng.SuiteRunner.access$000(SuiteRunner.java:40)
	at org.testng.SuiteRunner$SuiteWorker.run(SuiteRunner.java:489)
	at org.testng.internal.thread.ThreadUtil$1.call(ThreadUtil.java:52)
	at java.base/java.util.concurrent.FutureTask.run(FutureTask.java:264)
	at java.base/java.util.concurrent.ThreadPoolExecutor.runWorker(ThreadPoolExecutor.java:1130)
	at java.base/java.util.concurrent.ThreadPoolExecutor$Worker.run(ThreadPoolExecutor.java:630)
	at java.base/java.lang.Thread.run(Thread.java:831)
</textarea>
										</td>
									</tr>
									<tr>
										<td>Nov 30, 2021 11:27:39 PM</td>
										<td class='linked' test-id='2'>NC_14_Verify_Field_State_Cannot_Have_Special_Character</td>
										<td>
											<textarea disabled class="code-block">java.lang.AssertionError: expected [Special characters are not allowed] but found [First character can not have space]
	at org.testng.Assert.fail(Assert.java:96)
	at org.testng.Assert.failNotEquals(Assert.java:776)
	at org.testng.Assert.assertEqualsImpl(Assert.java:137)
	at org.testng.Assert.assertEquals(Assert.java:118)
	at org.testng.Assert.assertEquals(Assert.java:442)
	at commons.BaseTest.checkEquals(BaseTest.java:166)
	at commons.BaseTest.verifyEquals(BaseTest.java:178)
	at com.bankguru.livecodingproject.newCustomerTestcase.NC_14_Verify_Field_State_Cannot_Have_Special_Character(newCustomerTestcase.java:201)
	at java.base/jdk.internal.reflect.NativeMethodAccessorImpl.invoke0(Native Method)
	at java.base/jdk.internal.reflect.NativeMethodAccessorImpl.invoke(NativeMethodAccessorImpl.java:78)
	at java.base/jdk.internal.reflect.DelegatingMethodAccessorImpl.invoke(DelegatingMethodAccessorImpl.java:43)
	at java.base/java.lang.reflect.Method.invoke(Method.java:567)
	at org.testng.internal.MethodInvocationHelper.invokeMethod(MethodInvocationHelper.java:124)
	at org.testng.internal.Invoker.invokeMethod(Invoker.java:583)
	at org.testng.internal.Invoker.invokeTestMethod(Invoker.java:719)
	at org.testng.internal.Invoker.invokeTestMethods(Invoker.java:989)
	at org.testng.internal.TestMethodWorker.invokeTestMethods(TestMethodWorker.java:125)
	at org.testng.internal.TestMethodWorker.run(TestMethodWorker.java:109)
	at org.testng.TestRunner.privateRun(TestRunner.java:648)
	at org.testng.TestRunner.run(TestRunner.java:505)
	at org.testng.SuiteRunner.runTest(SuiteRunner.java:455)
	at org.testng.SuiteRunner.access$000(SuiteRunner.java:40)
	at org.testng.SuiteRunner$SuiteWorker.run(SuiteRunner.java:489)
	at org.testng.internal.thread.ThreadUtil$1.call(ThreadUtil.java:52)
	at java.base/java.util.concurrent.FutureTask.run(FutureTask.java:264)
	at java.base/java.util.concurrent.ThreadPoolExecutor.runWorker(ThreadPoolExecutor.java:1130)
	at java.base/java.util.concurrent.ThreadPoolExecutor$Worker.run(ThreadPoolExecutor.java:630)
	at java.base/java.lang.Thread.run(Thread.java:831)
</textarea>
										</td>
									</tr>
								</tbody>
							</table>
						</div>
					</div>
				</li>
			</ul>
		</div>
	</div>
	<div class='subview-right left'>
		<div class='view-summary'>
			<h5 class='exception-name'></h5>
		</div>
	</div>
</div>
<!-- exception view --><div id='dashboard-view' class='view hide'>
	<div class='card-panel transparent np-v'>
		<h5>Dashboard</h5>

		<div class='row'>
			<div class='col s2'>
				<div class='card-panel r'>
					Tests
					<div class='panel-lead'>27</div>
				</div>
			</div>
			<div class='col s2'>
				<div class='card-panel r'>
					Steps
					<div class='panel-lead'>0</div>
				</div>
			</div>
			<div class='col s2'>
				<div class='card-panel r'>
					Start
					<div class='panel-lead'>Nov 30, 2021 11:27:43 PM</div>
				</div>
			</div>
			<div class='col s2'>
				<div class='card-panel r'>
			 		End
			 		<div class='panel-lead'>Nov 30, 2021 11:27:43 PM</div>
				</div>
			</div>
			<div class='col s2'>
				<div class='card-panel r'>
					Time Taken
					<div class='panel-lead'>0h 0m 0s+79ms</div>
				</div>
			</div>
		</div>
	</div>
</div>
<!-- dashboard view -->
<div id='testrunner-logs-view' class='view hide'>
	<div class='card-panel transparent np-v'>
		<h5>TestRunner Logs</h5>
		
		<div class='card-panel'>
				<br><a target="_blank" href="file:///C:\Users\quanh\git\Automation-framework/screenshotReportNG/NC_13_Verify_Field_State_Cannot_Be_Numeric_30_11_2021_11_27_39.png"><img src="file:///C:\Users\quanh\git\Automation-framework/screenshotReportNG/NC_13_Verify_Field_State_Cannot_Be_Numeric_30_11_2021_11_27_39.png" height='100' width='150'/> </a></br><br>
				<br><a target="_blank" href="file:///C:\Users\quanh\git\Automation-framework/screenshotReportNG/NC_14_Verify_Field_State_Cannot_Have_Special_Character_30_11_2021_11_27_39.png"><img src="file:///C:\Users\quanh\git\Automation-framework/screenshotReportNG/NC_14_Verify_Field_State_Cannot_Have_Special_Character_30_11_2021_11_27_39.png" height='100' width='150'/> </a></br><br>
		</div>
	</div>
</div>
<!-- testrunner-logs view -->		</div>
		<!-- container -->
		<script>
			var statusGroup = {
                parentCount: 27,
				passParent: 25,
				failParent: 2,
				fatalParent: 0,
				errorParent: 0,
				warningParent: 0,
				skipParent: 0,
				exceptionsParent: 2,
				childCount: 0,
				passChild: 0,
				failChild: 0,
				fatalChild: 0,
				errorChild: 0,
				warningChild: 0,
				skipChild: 0,
				infoChild: 0,
				debugChild: 0,
				exceptionsChild: 0,
				grandChildCount: 0,
				passGrandChild: 0,
				failGrandChild: 0,
				fatalGrandChild: 0,
				errorGrandChild: 0,
				warningGrandChild: 0,
				skipGrandChild: 0,
				infoGrandChild: 0,
				debugGrandChild: 0,
				exceptionsGrandChild: 0,
			};
		</script>
		<script>
			var timeline = {
			        "NC_13_Verify_Field_State_Cannot_Be_Numeric":3.64,"NC_14_Verify_Field_State_Cannot_Have_Special_Character":3.383,"NC_04_Verify_Field_Name_Cannot_Have_Special_Character":5.673,"NC_19_Verify_Field_Pin_Cannot_Have_Special_Character":2.555,"NC_06_Verify_Field_Address_Cannot_Be_Empty":5.022,"NC_27_Verify_Field_Email_Cannot_Have_Space":1.362,"NC_11_Verify_Field_City_Cannot_First_Blank_Space":4.035,"NC_02_Verify_Name_Field_Name_Cannot_Empty":6.523,"NC_12_Verify_Field_State_Cannot_Be_Empty":3.935,"NC_18_Verify_Field_Pin_Must_Have_6_Digits":2.666,"NC_25_Verify_Field_Email_Cannot_Be_Empty":1.79,"NC_05_Verify_Field_Name_Cannot_Have_First_Character_As_Blank_Space":5.354,"NC_07_Verify_Field_Address_Cannot_Have_First_Black_Space":4.739,"NC_08_Verify_Field_City_Cannot_Be_Empty":4.644,"NC_21_Verify_Field_Telephone_Cannot_Be_Empty":2.343,"NC_24_Verify_Field_Telephone_Cannot_Have_Special_Character":1.893,"NC_26_Verify_Field_Email_Must_Be_Incorrect":1.465,"NC_01_Create_New_Customer_And_Checked_Created_Succesfully":12.554,"NC_22_Verify_Field_Telephone_Cannot_Have_First_Blank_Space":2.098,"NC_17_Verify_Field_Pin_Cannot_Empty":2.766,"NC_09_Verify_Field_City_Cannot_Be_Numeric":4.343,"NC_16_Verify_Field_Pin_Must_Be_Numeric":3.042,"NC_23_Verify_Field_Telephone_Cannot_Have_Space":1.995,"NC_15_Verify_Field_State_Cannot_Have_First_Blank_Space":3.169,"NC_03_Verify_Field_Name_Name_Cannot_Numeric":6.006,"NC_20_Verify_Field_Pin_Cannot_Have_First_Blank_Space":2.446,"NC_10_Verify_Field_City_Cannot_Have_Special_Character":4.147
			};
		</script>
		<script src='https://cdn.rawgit.com/extent-framework/extent-github-cdn/b65cd69/v3html/js/extent.js' type='text/javascript'></script>
		<script type='text/javascript'>
		</script>
	</body>
</html>